<?xml version="1.0" encoding="UTF-8"?>
<!-- Generated by org.testng.reporters.JUnitReportReporter -->
<testsuite hostname="Willow-PC" failures="0" tests="2" name="QAclickacademy.SeleniumTest" time="0.001" errors="0" timestamp="2023-12-21T10:25:18 CET" skipped="0">
  <testcase classname="QAclickacademy.SeleniumTest" name="elementsUi" time="0.000"/>
  <testcase classname="QAclickacademy.SeleniumTest" name="BrowserAutomation" time="0.001"/>
</testsuite> <!-- QAclickacademy.SeleniumTest -->
