<?xml version="1.0" encoding="UTF-8"?>
<!-- Generated by org.testng.reporters.JUnitReportReporter -->
<testsuite hostname="Willow-PC" failures="0" tests="2" name="QAclickacademy.RESTAPITest" time="0.001" errors="0" timestamp="2023-12-21T10:25:18 CET" skipped="0">
  <testcase classname="QAclickacademy.RESTAPITest" name="deleteTwitter" time="0.000"/>
  <testcase classname="QAclickacademy.RESTAPITest" name="postJira" time="0.001"/>
</testsuite> <!-- QAclickacademy.RESTAPITest -->
