<?xml version="1.0" encoding="UTF-8"?>
<!-- Generated by org.testng.reporters.JUnitReportReporter -->
<testsuite hostname="Willow-PC" failures="0" tests="2" name="QAclickacademy.AppiumTest" time="0.005" errors="0" timestamp="2023-12-21T10:25:18 CET" skipped="0">
  <testcase classname="QAclickacademy.AppiumTest" name="NativeAppAndroid" time="0.000"/>
  <testcase classname="QAclickacademy.AppiumTest" name="IOSApps" time="0.005"/>
</testsuite> <!-- QAclickacademy.AppiumTest -->
